Beginning 0 episodes of Training
Pacman died! Score: 571
Pacman emerges victorious! Score: 2445
Pacman emerges victorious! Score: 2417
Pacman emerges victorious! Score: 2452
Pacman emerges victorious! Score: 2456
Pacman emerges victorious! Score: 2454
Pacman emerges victorious! Score: 2451
Pacman died! Score: 1417
Pacman emerges victorious! Score: 2424
Pacman emerges victorious! Score: 2484
Pacman emerges victorious! Score: 2438
Pacman emerges victorious! Score: 2471
Pacman emerges victorious! Score: 2486
Pacman emerges victorious! Score: 2437
Pacman emerges victorious! Score: 2423
Pacman died! Score: 216
Pacman died! Score: 434
Pacman emerges victorious! Score: 2429
Pacman emerges victorious! Score: 2452
Pacman emerges victorious! Score: 2459
Pacman emerges victorious! Score: 2439
Pacman died! Score: -17
Pacman emerges victorious! Score: 2484
Pacman emerges victorious! Score: 2455
Pacman emerges victorious! Score: 2481
Pacman emerges victorious! Score: 2427
Pacman emerges victorious! Score: 2628
Pacman emerges victorious! Score: 2461
Pacman emerges victorious! Score: 2453
Pacman emerges victorious! Score: 2445
Pacman emerges victorious! Score: 2486
Pacman emerges victorious! Score: 2448
Pacman emerges victorious! Score: 2485
Pacman died! Score: 424
Pacman emerges victorious! Score: 2422
Pacman emerges victorious! Score: 2423
Pacman emerges victorious! Score: 2439
Pacman emerges victorious! Score: 2478
Pacman emerges victorious! Score: 2468
Pacman emerges victorious! Score: 2386
Pacman emerges victorious! Score: 2452
Pacman emerges victorious! Score: 2414
Pacman emerges victorious! Score: 2451
Pacman emerges victorious! Score: 2388
Pacman emerges victorious! Score: 2436
Pacman emerges victorious! Score: 2425
Pacman emerges victorious! Score: 2458
Pacman emerges victorious! Score: 2457
Pacman died! Score: 1367
Pacman emerges victorious! Score: 2490
Pacman emerges victorious! Score: 2433
Pacman emerges victorious! Score: 2462
Pacman emerges victorious! Score: 2480
Pacman emerges victorious! Score: 2603
Pacman emerges victorious! Score: 2601
Pacman died! Score: 143
Pacman emerges victorious! Score: 2417
Pacman emerges victorious! Score: 2387
Pacman emerges victorious! Score: 2608
Pacman emerges victorious! Score: 2394
Pacman emerges victorious! Score: 2435
Pacman emerges victorious! Score: 2425
Pacman emerges victorious! Score: 2389
Pacman emerges victorious! Score: 2480
Pacman emerges victorious! Score: 2442
Pacman emerges victorious! Score: 2479
Pacman emerges victorious! Score: 2451
Pacman emerges victorious! Score: 2467
Pacman emerges victorious! Score: 2427
Pacman emerges victorious! Score: 2428
Pacman emerges victorious! Score: 2466
Pacman emerges victorious! Score: 2470
Pacman died! Score: 871
Pacman died! Score: 1320
Pacman emerges victorious! Score: 2488
Pacman emerges victorious! Score: 2442
Pacman emerges victorious! Score: 2425
Pacman emerges victorious! Score: 2416
Pacman emerges victorious! Score: 2418
Pacman emerges victorious! Score: 2478
Pacman emerges victorious! Score: 2441
Pacman emerges victorious! Score: 2434
Pacman emerges victorious! Score: 2419
Pacman emerges victorious! Score: 2429
Pacman died! Score: 633
Pacman died! Score: 156
Pacman emerges victorious! Score: 2449
Pacman emerges victorious! Score: 2427
Pacman emerges victorious! Score: 2402
Pacman emerges victorious! Score: 2441
Pacman died! Score: 1295
Pacman emerges victorious! Score: 2446
Pacman emerges victorious! Score: 2453
Pacman emerges victorious! Score: 2459
Pacman emerges victorious! Score: 2446
Pacman emerges victorious! Score: 2439
Pacman emerges victorious! Score: 2462
Pacman emerges victorious! Score: 2435
Pacman died! Score: 1322
Pacman emerges victorious! Score: 2404
Reinforcement Learning Status:
	Completed 100 test episodes
	Average Rewards over testing: 2210.06
	Average Rewards for last 100 episodes: 2210.06
	Episode took 391.96 seconds
Pacman died! Score: 693
Pacman emerges victorious! Score: 2480
Pacman emerges victorious! Score: 2426
Pacman died! Score: 370
Pacman died! Score: 1058
Pacman emerges victorious! Score: 2489
Pacman emerges victorious! Score: 2402
Pacman emerges victorious! Score: 2431
Pacman died! Score: 833
Pacman died! Score: 379
Pacman emerges victorious! Score: 2429
Pacman emerges victorious! Score: 2446
Pacman emerges victorious! Score: 2413
Pacman emerges victorious! Score: 2488
Pacman died! Score: -25
Pacman emerges victorious! Score: 2441
Pacman emerges victorious! Score: 2469
Pacman died! Score: 677
Pacman emerges victorious! Score: 2474
Pacman emerges victorious! Score: 2468
Pacman emerges victorious! Score: 2475
Pacman emerges victorious! Score: 2424
Pacman died! Score: 1236
Pacman emerges victorious! Score: 2450
Pacman died! Score: 870
Pacman emerges victorious! Score: 2483
Pacman died! Score: -25
Pacman emerges victorious! Score: 2475
Pacman died! Score: 735
Pacman emerges victorious! Score: 2449
Pacman died! Score: 427
Pacman emerges victorious! Score: 2382
Pacman emerges victorious! Score: 2473
Pacman emerges victorious! Score: 2459
Pacman emerges victorious! Score: 2637
Pacman emerges victorious! Score: 2431
Pacman died! Score: 105
Pacman emerges victorious! Score: 2470
Pacman emerges victorious! Score: 2444
Pacman emerges victorious! Score: 2443
Pacman emerges victorious! Score: 2458
Pacman emerges victorious! Score: 2411
Pacman died! Score: 388
Pacman emerges victorious! Score: 2394
Pacman died! Score: 147
Pacman emerges victorious! Score: 2420
Pacman emerges victorious! Score: 2455
Pacman emerges victorious! Score: 2430
Pacman emerges victorious! Score: 2450
Pacman emerges victorious! Score: 2433
Pacman died! Score: 1333
Pacman emerges victorious! Score: 2479
Pacman died! Score: 812
Pacman emerges victorious! Score: 2416
Pacman emerges victorious! Score: 2409
Pacman emerges victorious! Score: 2424
Pacman died! Score: 1417
Pacman emerges victorious! Score: 2450
Pacman died! Score: 1261
Pacman emerges victorious! Score: 2486
Pacman emerges victorious! Score: 2434
Pacman emerges victorious! Score: 2420
Pacman emerges victorious! Score: 2433
Pacman emerges victorious! Score: 2450
Pacman emerges victorious! Score: 2471
Pacman emerges victorious! Score: 2394
Pacman emerges victorious! Score: 2455
Pacman died! Score: -16
Pacman emerges victorious! Score: 2443
Pacman died! Score: 546
Pacman emerges victorious! Score: 2452
Pacman emerges victorious! Score: 2385
Pacman emerges victorious! Score: 2444
Pacman emerges victorious! Score: 2475
Pacman emerges victorious! Score: 2436
Pacman emerges victorious! Score: 2480
Pacman died! Score: 139
Pacman emerges victorious! Score: 2629
Pacman emerges victorious! Score: 2636
Pacman emerges victorious! Score: 2451
Pacman emerges victorious! Score: 2455
Pacman emerges victorious! Score: 2464
Pacman emerges victorious! Score: 2624
Pacman emerges victorious! Score: 2479
Pacman emerges victorious! Score: 2410
Pacman emerges victorious! Score: 2460
Pacman died! Score: 1024
Pacman emerges victorious! Score: 2440
Pacman emerges victorious! Score: 2427
Pacman died! Score: 1079
Pacman emerges victorious! Score: 2435
Pacman emerges victorious! Score: 2448
Pacman emerges victorious! Score: 2421
Pacman emerges victorious! Score: 2450
Pacman emerges victorious! Score: 2454
Pacman died! Score: 709
Pacman died! Score: 1
Pacman emerges victorious! Score: 2461
Pacman emerges victorious! Score: 2389
Pacman emerges victorious! Score: 2456
Reinforcement Learning Status:
	Completed 200 test episodes
	Average Rewards over testing: 2094.03
	Average Rewards for last 100 episodes: 1978.00
	Episode took 374.06 seconds
Pacman emerges victorious! Score: 2436
Pacman died! Score: 38
Pacman emerges victorious! Score: 2434
Pacman died! Score: 1230
Pacman emerges victorious! Score: 2647
Pacman emerges victorious! Score: 2640
Pacman emerges victorious! Score: 2408
Pacman emerges victorious! Score: 2685
Pacman emerges victorious! Score: 2472
Pacman emerges victorious! Score: 2442
Pacman died! Score: 1385
Pacman emerges victorious! Score: 2462
Pacman emerges victorious! Score: 2470
Pacman emerges victorious! Score: 2424
Pacman emerges victorious! Score: 2434
Pacman emerges victorious! Score: 2486
Pacman emerges victorious! Score: 2424
Pacman emerges victorious! Score: 2442
Pacman emerges victorious! Score: 2450
Pacman emerges victorious! Score: 2417
Pacman died! Score: 424
Pacman emerges victorious! Score: 2478
Pacman emerges victorious! Score: 2439
Pacman died! Score: 470
Pacman emerges victorious! Score: 2451
Pacman emerges victorious! Score: 2679
Pacman emerges victorious! Score: 2427
Pacman emerges victorious! Score: 2421
Pacman emerges victorious! Score: 2430
Pacman emerges victorious! Score: 2438
Pacman emerges victorious! Score: 2480
Pacman emerges victorious! Score: 2436
Pacman emerges victorious! Score: 2402
Pacman died! Score: 1045
Pacman emerges victorious! Score: 2488
Pacman emerges victorious! Score: 2471
Pacman emerges victorious! Score: 2447
Pacman emerges victorious! Score: 2445
Pacman emerges victorious! Score: 2450
Pacman died! Score: -11
Pacman emerges victorious! Score: 2464
Pacman emerges victorious! Score: 2430
Pacman emerges victorious! Score: 2485
Pacman emerges victorious! Score: 2410
Pacman emerges victorious! Score: 2463
Pacman emerges victorious! Score: 2433
Pacman emerges victorious! Score: 2466
Pacman emerges victorious! Score: 2467
Pacman emerges victorious! Score: 2411
Pacman emerges victorious! Score: 2435
Pacman died! Score: 411
Pacman emerges victorious! Score: 2454
Pacman emerges victorious! Score: 2484
Pacman died! Score: 299
Pacman emerges victorious! Score: 2486
Pacman died! Score: 1133
Pacman died! Score: 1506
Pacman emerges victorious! Score: 2429
Pacman emerges victorious! Score: 2424
Pacman emerges victorious! Score: 2434
Pacman emerges victorious! Score: 2483
Pacman emerges victorious! Score: 2489
Pacman emerges victorious! Score: 2667
Pacman died! Score: 139
Pacman emerges victorious! Score: 2470
Pacman emerges victorious! Score: 2428
Pacman emerges victorious! Score: 2438
Pacman emerges victorious! Score: 2455
Pacman emerges victorious! Score: 2399
Pacman emerges victorious! Score: 2440
Pacman died! Score: 1204
Pacman emerges victorious! Score: 2422
Pacman emerges victorious! Score: 2452
Pacman emerges victorious! Score: 2456
Pacman emerges victorious! Score: 2429
Pacman emerges victorious! Score: 2420
Pacman emerges victorious! Score: 2411
Pacman died! Score: -8
Pacman emerges victorious! Score: 2423
Pacman died! Score: 1078
Pacman emerges victorious! Score: 2467
Pacman emerges victorious! Score: 2481
Pacman emerges victorious! Score: 2411
Pacman emerges victorious! Score: 2464
Pacman died! Score: 1
Pacman emerges victorious! Score: 2445
Pacman emerges victorious! Score: 2408
Pacman emerges victorious! Score: 2408
Pacman emerges victorious! Score: 2480
Pacman emerges victorious! Score: 2459
Pacman died! Score: -99
Pacman emerges victorious! Score: 2647
Pacman died! Score: 919
Pacman emerges victorious! Score: 2457
Pacman emerges victorious! Score: 2403
Pacman emerges victorious! Score: 2477
Pacman emerges victorious! Score: 2432
Pacman emerges victorious! Score: 2435
Pacman emerges victorious! Score: 2395
Pacman died! Score: 70
Reinforcement Learning Status:
	Completed 300 test episodes
	Average Rewards over testing: 2097.74
	Average Rewards for last 100 episodes: 2105.15
	Episode took 382.71 seconds
Pacman emerges victorious! Score: 2389
Pacman emerges victorious! Score: 2489
Pacman emerges victorious! Score: 2452
Pacman emerges victorious! Score: 2687
Pacman emerges victorious! Score: 2634
Pacman died! Score: 102
Pacman emerges victorious! Score: 2485
Pacman emerges victorious! Score: 2424
Pacman emerges victorious! Score: 2462
Pacman emerges victorious! Score: 2438
Pacman emerges victorious! Score: 2426
Pacman emerges victorious! Score: 2338
Pacman emerges victorious! Score: 2447
Pacman emerges victorious! Score: 2435
Pacman emerges victorious! Score: 2453
Pacman emerges victorious! Score: 2431
Pacman emerges victorious! Score: 2472
Pacman emerges victorious! Score: 2437
Pacman emerges victorious! Score: 2489
Pacman emerges victorious! Score: 2360
Pacman emerges victorious! Score: 2412
Pacman emerges victorious! Score: 2456
Pacman emerges victorious! Score: 2439
Pacman emerges victorious! Score: 2459
Pacman died! Score: 438
Pacman emerges victorious! Score: 2433
Pacman emerges victorious! Score: 2619
Pacman emerges victorious! Score: 2474
Pacman emerges victorious! Score: 2430
Pacman emerges victorious! Score: 2483
Pacman emerges victorious! Score: 2380
Pacman died! Score: 362
Pacman emerges victorious! Score: 2472
Pacman died! Score: 428
Pacman emerges victorious! Score: 2489
Pacman emerges victorious! Score: 2414
Pacman died! Score: -25
Pacman emerges victorious! Score: 2426
Pacman emerges victorious! Score: 2460
Pacman emerges victorious! Score: 2450
Pacman emerges victorious! Score: 2440
Pacman emerges victorious! Score: 2468
Pacman emerges victorious! Score: 2453
Pacman died! Score: 255
Pacman died! Score: 452
Pacman died! Score: 1062
Pacman emerges victorious! Score: 2447
Pacman died! Score: 8
Pacman emerges victorious! Score: 2447
Pacman died! Score: 432
Pacman emerges victorious! Score: 2452
Pacman emerges victorious! Score: 2444
Pacman emerges victorious! Score: 2486
Pacman died! Score: 203
Pacman emerges victorious! Score: 2451
Pacman emerges victorious! Score: 2441
Pacman died! Score: 521
Pacman emerges victorious! Score: 2405
Pacman died! Score: 687
Pacman emerges victorious! Score: 2440
Pacman died! Score: 857
Pacman emerges victorious! Score: 2641
Pacman emerges victorious! Score: 2482
Pacman died! Score: 1
Pacman emerges victorious! Score: 2653
Pacman emerges victorious! Score: 2467
Pacman emerges victorious! Score: 2423
Pacman died! Score: 1328
Pacman emerges victorious! Score: 2445
Pacman emerges victorious! Score: 2472
Pacman emerges victorious! Score: 2415
Pacman emerges victorious! Score: 2452
Pacman emerges victorious! Score: 2443
Pacman died! Score: 755
Pacman emerges victorious! Score: 2475
Pacman emerges victorious! Score: 2468
Pacman emerges victorious! Score: 2438
Pacman emerges victorious! Score: 2468
Pacman died! Score: 696
Pacman emerges victorious! Score: 2413
Pacman emerges victorious! Score: 2441
Pacman emerges victorious! Score: 2441
Pacman emerges victorious! Score: 2451
Pacman died! Score: 1191
Pacman emerges victorious! Score: 2456
Pacman emerges victorious! Score: 2450
Pacman emerges victorious! Score: 2450
Pacman emerges victorious! Score: 2421
Pacman emerges victorious! Score: 2455
Pacman emerges victorious! Score: 2482
Pacman emerges victorious! Score: 2427
Pacman emerges victorious! Score: 2484
Pacman emerges victorious! Score: 2467
Pacman emerges victorious! Score: 2448
Pacman emerges victorious! Score: 2404
Pacman emerges victorious! Score: 2381
Pacman emerges victorious! Score: 2443
Pacman emerges victorious! Score: 2486
Pacman died! Score: -25
Pacman died! Score: 1377
Reinforcement Learning Status:
	Completed 400 test episodes
	Average Rewards over testing: 2086.47
	Average Rewards for last 100 episodes: 2052.65
	Episode took 373.95 seconds
Pacman died! Score: 783
Pacman emerges victorious! Score: 2484
Pacman emerges victorious! Score: 2466
Pacman emerges victorious! Score: 2468
Pacman emerges victorious! Score: 2489
Pacman emerges victorious! Score: 2642
Pacman emerges victorious! Score: 2481
Pacman emerges victorious! Score: 2450
Pacman emerges victorious! Score: 2485
Pacman died! Score: 1315
Pacman emerges victorious! Score: 2415
Pacman emerges victorious! Score: 2488
Pacman died! Score: 17
Pacman died! Score: 77
Pacman emerges victorious! Score: 2478
Pacman died! Score: 304
Pacman emerges victorious! Score: 2429
Pacman emerges victorious! Score: 2474
Pacman emerges victorious! Score: 2422
Pacman emerges victorious! Score: 2428
Pacman emerges victorious! Score: 2452
Pacman emerges victorious! Score: 2476
Pacman emerges victorious! Score: 2411
Pacman emerges victorious! Score: 2448
Pacman emerges victorious! Score: 2439
Pacman emerges victorious! Score: 2388
Pacman emerges victorious! Score: 2432
Pacman emerges victorious! Score: 2429
Pacman died! Score: 1453
Pacman emerges victorious! Score: 2454
Pacman died! Score: 850
Pacman died! Score: 1278
Pacman emerges victorious! Score: 2424
Pacman emerges victorious! Score: 2452
Pacman emerges victorious! Score: 2440
Pacman emerges victorious! Score: 2478
Pacman emerges victorious! Score: 2429
Pacman died! Score: 1069
Pacman emerges victorious! Score: 2405
Pacman emerges victorious! Score: 2451
Pacman emerges victorious! Score: 2443
Pacman emerges victorious! Score: 2416
Pacman emerges victorious! Score: 2439
Pacman died! Score: 513
Pacman emerges victorious! Score: 2475
Pacman emerges victorious! Score: 2442
Pacman emerges victorious! Score: 2460
Pacman emerges victorious! Score: 2481
Pacman emerges victorious! Score: 2446
Pacman died! Score: 181
Pacman emerges victorious! Score: 2437
Pacman emerges victorious! Score: 2419
Pacman emerges victorious! Score: 2456
Pacman emerges victorious! Score: 2487
Pacman died! Score: -48
Pacman emerges victorious! Score: 2477
Pacman emerges victorious! Score: 2453
Pacman emerges victorious! Score: 2436
Pacman emerges victorious! Score: 2429
Pacman emerges victorious! Score: 2423
Pacman emerges victorious! Score: 2442
Pacman died! Score: 516
Pacman emerges victorious! Score: 2435
Pacman died! Score: 377
Pacman emerges victorious! Score: 2455
Pacman emerges victorious! Score: 2465
Pacman emerges victorious! Score: 2449
Pacman emerges victorious! Score: 2402
Pacman emerges victorious! Score: 2440
Pacman emerges victorious! Score: 2402
Pacman emerges victorious! Score: 2474
Pacman emerges victorious! Score: 2462
Pacman emerges victorious! Score: 2418
Pacman emerges victorious! Score: 2454
Pacman emerges victorious! Score: 2478
Pacman emerges victorious! Score: 2427
Pacman emerges victorious! Score: 2464
Pacman emerges victorious! Score: 2418
Pacman emerges victorious! Score: 2397
Pacman emerges victorious! Score: 2474
Pacman died! Score: -16
Pacman emerges victorious! Score: 2469
Pacman emerges victorious! Score: 2474
Pacman died! Score: 49
Pacman died! Score: 635
Pacman emerges victorious! Score: 2418
Pacman died! Score: 1071
Pacman emerges victorious! Score: 2384
Pacman emerges victorious! Score: 2438
Pacman emerges victorious! Score: 2422
Pacman emerges victorious! Score: 2480
Pacman emerges victorious! Score: 2380
Pacman emerges victorious! Score: 2419
Pacman emerges victorious! Score: 2398
Pacman died! Score: 616
Pacman emerges victorious! Score: 2649
Pacman emerges victorious! Score: 2424
Pacman emerges victorious! Score: 2442
Pacman emerges victorious! Score: 2420
Pacman died! Score: 1389
Reinforcement Learning Status:
	Completed 500 test episodes
	Average Rewards over testing: 2085.83
	Average Rewards for last 100 episodes: 2083.28
	Episode took 383.64 seconds
Pacman emerges victorious! Score: 2478
Pacman emerges victorious! Score: 2656
Pacman died! Score: 180
Pacman emerges victorious! Score: 2476
Pacman died! Score: 531
Pacman emerges victorious! Score: 2609
Pacman died! Score: -9
Pacman died! Score: 1285
Pacman emerges victorious! Score: 2430
Pacman emerges victorious! Score: 2461
Pacman emerges victorious! Score: 2468
Pacman emerges victorious! Score: 2489
Pacman emerges victorious! Score: 2465
Pacman emerges victorious! Score: 2459
Pacman died! Score: 1123
Pacman emerges victorious! Score: 2455
Pacman emerges victorious! Score: 2464
Pacman died! Score: 998
Pacman died! Score: 892
Pacman emerges victorious! Score: 2468
Pacman emerges victorious! Score: 2489
Pacman emerges victorious! Score: 2476
Pacman emerges victorious! Score: 2452
Pacman died! Score: 1090
Pacman emerges victorious! Score: 2457
Pacman emerges victorious! Score: 2426
Pacman died! Score: 630
Pacman emerges victorious! Score: 2467
Pacman emerges victorious! Score: 2430
Pacman emerges victorious! Score: 2463
Pacman emerges victorious! Score: 2426
Pacman died! Score: 618
Pacman emerges victorious! Score: 2434
Pacman died! Score: -11
Pacman emerges victorious! Score: 2459
Pacman emerges victorious! Score: 2449
Pacman emerges victorious! Score: 2465
Pacman died! Score: 1334
Pacman emerges victorious! Score: 2451
Pacman emerges victorious! Score: 2423
Pacman died! Score: 785
Pacman emerges victorious! Score: 2445
Pacman emerges victorious! Score: 2471
Pacman died! Score: 777
Pacman died! Score: 1372
Pacman emerges victorious! Score: 2457
Pacman died! Score: 1360
Pacman died! Score: -3
Pacman emerges victorious! Score: 2467
Pacman emerges victorious! Score: 2435
Pacman emerges victorious! Score: 2436
Pacman died! Score: 375
Pacman emerges victorious! Score: 2418
Pacman emerges victorious! Score: 2428
Pacman emerges victorious! Score: 2481
Pacman emerges victorious! Score: 2477
Pacman emerges victorious! Score: 2408
Pacman died! Score: 890
Pacman emerges victorious! Score: 2433
Pacman emerges victorious! Score: 2405
Pacman emerges victorious! Score: 2482
Pacman emerges victorious! Score: 2430
Pacman emerges victorious! Score: 2448
Pacman emerges victorious! Score: 2456
Pacman emerges victorious! Score: 2473
Pacman died! Score: 1081
Pacman died! Score: 1161
Pacman emerges victorious! Score: 2443
Pacman emerges victorious! Score: 2438
Pacman emerges victorious! Score: 2441
Pacman emerges victorious! Score: 2434
Pacman emerges victorious! Score: 2400
Pacman emerges victorious! Score: 2474
Pacman died! Score: 587
Pacman emerges victorious! Score: 2390
Pacman emerges victorious! Score: 2450
Pacman emerges victorious! Score: 2632
Pacman died! Score: 933
Pacman emerges victorious! Score: 2427
Pacman emerges victorious! Score: 2431
Pacman emerges victorious! Score: 2441
Pacman died! Score: 63
Pacman emerges victorious! Score: 2682
Pacman emerges victorious! Score: 2403
Pacman died! Score: 1239
Pacman emerges victorious! Score: 2434
Pacman emerges victorious! Score: 2477
Pacman emerges victorious! Score: 2448
Pacman emerges victorious! Score: 2680
Pacman died! Score: 426
Pacman emerges victorious! Score: 2487
Pacman emerges victorious! Score: 2448
Pacman emerges victorious! Score: 2472
Pacman emerges victorious! Score: 2423
Pacman died! Score: 1342
Pacman died! Score: -17
Pacman emerges victorious! Score: 2466
Pacman emerges victorious! Score: 2435
Pacman emerges victorious! Score: 2410
Pacman emerges victorious! Score: 2420
Reinforcement Learning Status:
	Completed 600 test episodes
	Average Rewards over testing: 2068.71
	Average Rewards for last 100 episodes: 1983.13
	Episode took 364.91 seconds
Pacman died! Score: 298
Pacman emerges victorious! Score: 2477
Pacman emerges victorious! Score: 2448
Pacman died! Score: 717
Pacman emerges victorious! Score: 2456
Pacman emerges victorious! Score: 2477
Pacman emerges victorious! Score: 2430
Pacman emerges victorious! Score: 2442
Pacman emerges victorious! Score: 2406
Pacman emerges victorious! Score: 2477
Pacman emerges victorious! Score: 2465
Pacman emerges victorious! Score: 2472
Pacman emerges victorious! Score: 2439
Pacman emerges victorious! Score: 2460
Pacman emerges victorious! Score: 2437
Pacman emerges victorious! Score: 2449
Pacman died! Score: 437
Pacman emerges victorious! Score: 2476
Pacman emerges victorious! Score: 2425
Pacman emerges victorious! Score: 2477
Pacman died! Score: 1386
Pacman died! Score: 56
Pacman emerges victorious! Score: 2437
Pacman emerges victorious! Score: 2452
Pacman emerges victorious! Score: 2479
Pacman emerges victorious! Score: 2482
Pacman died! Score: -3
Pacman emerges victorious! Score: 2615
Pacman emerges victorious! Score: 2665
Pacman emerges victorious! Score: 2445
Pacman emerges victorious! Score: 2444
Pacman died! Score: 1583
Pacman emerges victorious! Score: 2474
Pacman emerges victorious! Score: 2475
Pacman emerges victorious! Score: 2430
Pacman died! Score: -21
Pacman died! Score: 1150
Pacman emerges victorious! Score: 2436
Pacman emerges victorious! Score: 2414
Pacman emerges victorious! Score: 2442
Pacman died! Score: 828
Pacman emerges victorious! Score: 2462
Pacman died! Score: 1054
Pacman emerges victorious! Score: 2435
Pacman died! Score: 1297
Pacman emerges victorious! Score: 2392
Pacman emerges victorious! Score: 2427
Pacman died! Score: 697
Pacman died! Score: 655
Pacman emerges victorious! Score: 2430
Pacman emerges victorious! Score: 2481
Pacman emerges victorious! Score: 2431
Pacman emerges victorious! Score: 2444
Pacman emerges victorious! Score: 2454
Pacman emerges victorious! Score: 2440
Pacman emerges victorious! Score: 2438
Pacman emerges victorious! Score: 2487
Pacman died! Score: 432
Pacman emerges victorious! Score: 2428
Pacman emerges victorious! Score: 2399
Pacman died! Score: -42
Pacman died! Score: 1299
Pacman died! Score: 820
Pacman emerges victorious! Score: 2481
Pacman emerges victorious! Score: 2420
Pacman emerges victorious! Score: 2471
Pacman emerges victorious! Score: 2445
Pacman emerges victorious! Score: 2458
Pacman emerges victorious! Score: 2482
Pacman emerges victorious! Score: 2442
Pacman emerges victorious! Score: 2473
Pacman died! Score: 8
Pacman died! Score: 1102
Pacman emerges victorious! Score: 2629
Pacman died! Score: 802
Pacman emerges victorious! Score: 2403
Pacman emerges victorious! Score: 2417
Pacman emerges victorious! Score: 2459
Pacman emerges victorious! Score: 2410
Pacman died! Score: 576
Pacman emerges victorious! Score: 2439
Pacman emerges victorious! Score: 2462
Pacman emerges victorious! Score: 2619
Pacman emerges victorious! Score: 2415
Pacman emerges victorious! Score: 2427
Pacman died! Score: 504
Pacman emerges victorious! Score: 2403
Pacman emerges victorious! Score: 2438
Pacman emerges victorious! Score: 2456
Pacman emerges victorious! Score: 2481
Pacman died! Score: 745
Pacman emerges victorious! Score: 2441
Pacman emerges victorious! Score: 2450
Pacman emerges victorious! Score: 2460
Pacman emerges victorious! Score: 2461
Pacman emerges victorious! Score: 2449
Pacman emerges victorious! Score: 2431
Pacman emerges victorious! Score: 2444
Pacman died! Score: 349
Pacman emerges victorious! Score: 2396
Reinforcement Learning Status:
	Completed 700 test episodes
	Average Rewards over testing: 2060.24
	Average Rewards for last 100 episodes: 2009.42
	Episode took 375.96 seconds
Pacman emerges victorious! Score: 2441
Pacman emerges victorious! Score: 2438
Pacman emerges victorious! Score: 2489
Pacman emerges victorious! Score: 2421
Pacman died! Score: 1360
Pacman emerges victorious! Score: 2443
Pacman emerges victorious! Score: 2460
Pacman emerges victorious! Score: 2438
Pacman emerges victorious! Score: 2440
Pacman emerges victorious! Score: 2484
Pacman emerges victorious! Score: 2461
Pacman emerges victorious! Score: 2435
Pacman emerges victorious! Score: 2426
Pacman emerges victorious! Score: 2478
Pacman emerges victorious! Score: 2457
Pacman emerges victorious! Score: 2366
Pacman emerges victorious! Score: 2463
Pacman emerges victorious! Score: 2416
Pacman emerges victorious! Score: 2431
Pacman emerges victorious! Score: 2396
Pacman emerges victorious! Score: 2431
Pacman emerges victorious! Score: 2444
Pacman emerges victorious! Score: 2445
Pacman emerges victorious! Score: 2673
Pacman died! Score: 643
Pacman died! Score: -8
Pacman emerges victorious! Score: 2443
Pacman died! Score: 1397
Pacman emerges victorious! Score: 2487
Pacman emerges victorious! Score: 2401
Pacman died! Score: 421
Pacman emerges victorious! Score: 2485
Pacman emerges victorious! Score: 2411
Pacman emerges victorious! Score: 2454
Pacman emerges victorious! Score: 2420
Pacman died! Score: 383
Pacman emerges victorious! Score: 2634
Pacman died! Score: 1127
Pacman emerges victorious! Score: 2450
Pacman emerges victorious! Score: 2441
Pacman emerges victorious! Score: 2421
Pacman emerges victorious! Score: 2489
Pacman emerges victorious! Score: 2424
Pacman died! Score: 1230
Pacman emerges victorious! Score: 2476
Pacman died! Score: -16
Pacman emerges victorious! Score: 2397
Pacman died! Score: -25
Pacman emerges victorious! Score: 2455
Pacman emerges victorious! Score: 2488
Pacman died! Score: 128
Pacman died! Score: 1407
Pacman died! Score: 659
Pacman emerges victorious! Score: 2409
Pacman emerges victorious! Score: 2398
Pacman emerges victorious! Score: 2463
Pacman emerges victorious! Score: 2463
Pacman emerges victorious! Score: 2491
Pacman emerges victorious! Score: 2427
Pacman emerges victorious! Score: 2454
Pacman died! Score: 852
Pacman emerges victorious! Score: 2443
Pacman died! Score: 1271
Pacman emerges victorious! Score: 2485
Pacman emerges victorious! Score: 2415
Pacman emerges victorious! Score: 2451
Pacman emerges victorious! Score: 2410
Pacman emerges victorious! Score: 2454
Pacman emerges victorious! Score: 2449
Pacman emerges victorious! Score: 2433
Pacman emerges victorious! Score: 2440
Pacman emerges victorious! Score: 2427
Pacman emerges victorious! Score: 2440
Pacman emerges victorious! Score: 2491
Pacman emerges victorious! Score: 2485
Pacman emerges victorious! Score: 2443
Pacman died! Score: 536
Pacman emerges victorious! Score: 2452
Pacman emerges victorious! Score: 2443
Pacman died! Score: 459
Pacman emerges victorious! Score: 2451
Pacman emerges victorious! Score: 2462
Pacman emerges victorious! Score: 2620
Pacman emerges victorious! Score: 2399
Pacman emerges victorious! Score: 2441
Pacman emerges victorious! Score: 2457
Pacman died! Score: 875
Pacman emerges victorious! Score: 2452
Pacman emerges victorious! Score: 2456
Pacman emerges victorious! Score: 2443
Pacman emerges victorious! Score: 2482
Pacman emerges victorious! Score: 2482
Pacman emerges victorious! Score: 2465
Pacman emerges victorious! Score: 2411
Pacman emerges victorious! Score: 2371
Pacman died! Score: 563
Pacman emerges victorious! Score: 2460
Pacman emerges victorious! Score: 2471
Pacman emerges victorious! Score: 2469
Pacman died! Score: -8
Reinforcement Learning Status:
	Completed 800 test episodes
	Average Rewards over testing: 2064.54
	Average Rewards for last 100 episodes: 2094.64
	Episode took 397.16 seconds
Pacman died! Score: 1
Pacman emerges victorious! Score: 2479
Pacman emerges victorious! Score: 2469
Pacman emerges victorious! Score: 2440
Pacman emerges victorious! Score: 2636
Pacman emerges victorious! Score: 2446
Pacman emerges victorious! Score: 2433
Pacman emerges victorious! Score: 2434
Pacman died! Score: 1330
Pacman died! Score: 387
Pacman emerges victorious! Score: 2480
Pacman died! Score: 429
Pacman emerges victorious! Score: 2382
Pacman emerges victorious! Score: 2364
Pacman emerges victorious! Score: 2430
Pacman emerges victorious! Score: 2355
Pacman emerges victorious! Score: 2643
Pacman emerges victorious! Score: 2416
Pacman emerges victorious! Score: 2461
Pacman emerges victorious! Score: 2489
Pacman emerges victorious! Score: 2451
Pacman emerges victorious! Score: 2447
Pacman died! Score: 1
Pacman emerges victorious! Score: 2593
Pacman emerges victorious! Score: 2429
Pacman emerges victorious! Score: 2633
Pacman emerges victorious! Score: 2467
Pacman died! Score: 506
Pacman emerges victorious! Score: 2428
Pacman emerges victorious! Score: 2406
Pacman emerges victorious! Score: 2624
Pacman emerges victorious! Score: 2447
Pacman emerges victorious! Score: 2447
Pacman emerges victorious! Score: 2641
Pacman emerges victorious! Score: 2476
Pacman emerges victorious! Score: 2427
Pacman died! Score: -25
Pacman emerges victorious! Score: 2403
Pacman emerges victorious! Score: 2398
Pacman emerges victorious! Score: 2486
Pacman emerges victorious! Score: 2459
Pacman emerges victorious! Score: 2482
Pacman emerges victorious! Score: 2866
Pacman emerges victorious! Score: 2403
Pacman emerges victorious! Score: 2449
Pacman emerges victorious! Score: 2444
Pacman emerges victorious! Score: 2452
Pacman emerges victorious! Score: 2436
Pacman emerges victorious! Score: 2376
Pacman died! Score: -4
Pacman emerges victorious! Score: 2483
Pacman emerges victorious! Score: 2429
Pacman emerges victorious! Score: 2445
Pacman emerges victorious! Score: 2436
Pacman died! Score: 1357
Pacman died! Score: 851
Pacman emerges victorious! Score: 2438
Pacman emerges victorious! Score: 2486
Pacman emerges victorious! Score: 2420
Pacman emerges victorious! Score: 2414
Pacman emerges victorious! Score: 2426
Pacman emerges victorious! Score: 2481
Pacman emerges victorious! Score: 2409
Pacman emerges victorious! Score: 2441
Pacman died! Score: 383
Pacman died! Score: -26
Pacman emerges victorious! Score: 2418
Pacman emerges victorious! Score: 2439
Pacman emerges victorious! Score: 2425
Pacman died! Score: 1301
Pacman emerges victorious! Score: 2435
Pacman emerges victorious! Score: 2400
Pacman emerges victorious! Score: 2416
Pacman emerges victorious! Score: 2478
Pacman died! Score: 913
Pacman died! Score: 552
Pacman emerges victorious! Score: 2398
Pacman emerges victorious! Score: 2459
Pacman emerges victorious! Score: 2495
Pacman emerges victorious! Score: 2477
Pacman emerges victorious! Score: 2407
Pacman emerges victorious! Score: 2426
Pacman emerges victorious! Score: 2445
Pacman emerges victorious! Score: 2442
Pacman emerges victorious! Score: 2465
Pacman emerges victorious! Score: 2449
Pacman emerges victorious! Score: 2452
Pacman emerges victorious! Score: 2427
Pacman emerges victorious! Score: 2444
Pacman emerges victorious! Score: 2468
Pacman died! Score: 174
Pacman died! Score: 115
Pacman emerges victorious! Score: 2416
Pacman emerges victorious! Score: 2462
Pacman emerges victorious! Score: 2444
Pacman emerges victorious! Score: 2450
Pacman emerges victorious! Score: 2427
Pacman died! Score: 1409
Pacman died! Score: 1439
Pacman died! Score: 1332
Reinforcement Learning Status:
	Completed 900 test episodes
	Average Rewards over testing: 2067.51
	Average Rewards for last 100 episodes: 2091.24
	Episode took 387.39 seconds
Pacman emerges victorious! Score: 2467
Pacman emerges victorious! Score: 2437
Pacman died! Score: 1361
Pacman emerges victorious! Score: 2458
Pacman died! Score: 302
Pacman died! Score: -3
Pacman emerges victorious! Score: 2413
Pacman emerges victorious! Score: 2474
Pacman emerges victorious! Score: 2621
Pacman emerges victorious! Score: 2431
Pacman emerges victorious! Score: 2419
Pacman emerges victorious! Score: 2420
Pacman emerges victorious! Score: 2415
Pacman emerges victorious! Score: 2428
Pacman emerges victorious! Score: 2474
Pacman died! Score: 1174
Pacman emerges victorious! Score: 2457
Pacman emerges victorious! Score: 2421
Pacman emerges victorious! Score: 2446
Pacman emerges victorious! Score: 2449
Pacman emerges victorious! Score: 2479
Pacman emerges victorious! Score: 2419
Pacman emerges victorious! Score: 2356
Pacman emerges victorious! Score: 2447
Pacman emerges victorious! Score: 2424
Pacman emerges victorious! Score: 2424
Pacman emerges victorious! Score: 2451
Pacman died! Score: 1277
Pacman died! Score: 1422
Pacman emerges victorious! Score: 2432
Pacman emerges victorious! Score: 2442
Pacman died! Score: 413
Pacman emerges victorious! Score: 2457
Pacman emerges victorious! Score: 2457
Pacman emerges victorious! Score: 2417
Pacman emerges victorious! Score: 2419
Pacman emerges victorious! Score: 2465
Pacman died! Score: 909
Pacman emerges victorious! Score: 2441
Pacman emerges victorious! Score: 2435
Pacman emerges victorious! Score: 2456
Pacman died! Score: 408
Pacman emerges victorious! Score: 2435
Pacman emerges victorious! Score: 2477
Pacman emerges victorious! Score: 2423
Pacman emerges victorious! Score: 2459
Pacman emerges victorious! Score: 2489
Pacman died! Score: 4
Pacman emerges victorious! Score: 2439
Pacman emerges victorious! Score: 2448
Pacman emerges victorious! Score: 2470
Pacman emerges victorious! Score: 2439
Pacman emerges victorious! Score: 2386
Pacman emerges victorious! Score: 2461
Pacman died! Score: 1356
Pacman died! Score: 363
Pacman emerges victorious! Score: 2430
Pacman died! Score: 1376
Pacman emerges victorious! Score: 2460
Pacman emerges victorious! Score: 2378
Pacman emerges victorious! Score: 2427
Pacman emerges victorious! Score: 2435
Pacman emerges victorious! Score: 2664
Pacman emerges victorious! Score: 2420
Pacman emerges victorious! Score: 2459
Pacman emerges victorious! Score: 2459
Pacman died! Score: 525
Pacman emerges victorious! Score: 2430
Pacman emerges victorious! Score: 2426
Pacman emerges victorious! Score: 2488
Pacman emerges victorious! Score: 2429
Pacman emerges victorious! Score: 2452
Pacman emerges victorious! Score: 2451
Pacman emerges victorious! Score: 2424
Pacman emerges victorious! Score: 2480
Pacman emerges victorious! Score: 2397
Pacman died! Score: 1143
Pacman emerges victorious! Score: 2462
Pacman emerges victorious! Score: 2456
Pacman emerges victorious! Score: 2473
Pacman died! Score: 90
Pacman emerges victorious! Score: 2463
Pacman died! Score: 87
Pacman emerges victorious! Score: 2429
Pacman emerges victorious! Score: 2435
Pacman died! Score: 437
Pacman emerges victorious! Score: 2481
Pacman emerges victorious! Score: 2431
Pacman emerges victorious! Score: 2486
Pacman died! Score: 1406
Pacman died! Score: 582
Pacman emerges victorious! Score: 2481
Pacman died! Score: -17
Pacman emerges victorious! Score: 2463
Pacman emerges victorious! Score: 2427
Pacman died! Score: 1076
Pacman emerges victorious! Score: 2446
Pacman emerges victorious! Score: 2412
Pacman died! Score: 1120
Pacman emerges victorious! Score: 2423
Reinforcement Learning Status:
	Completed 1000 test episodes
	Average Rewards over testing: 2066.02
	Average Rewards for last 100 episodes: 2052.65
	Episode took 395.79 seconds
Average Score: 2066.022
Scores:        571.0, 2445.0, 2417.0, 2452.0, 2456.0, 2454.0, 2451.0, 1417.0, 2424.0, 2484.0, 2438.0, 2471.0, 2486.0, 2437.0, 2423.0, 216.0, 434.0, 2429.0, 2452.0, 2459.0, 2439.0, -17.0, 2484.0, 2455.0, 2481.0, 2427.0, 2628.0, 2461.0, 2453.0, 2445.0, 2486.0, 2448.0, 2485.0, 424.0, 2422.0, 2423.0, 2439.0, 2478.0, 2468.0, 2386.0, 2452.0, 2414.0, 2451.0, 2388.0, 2436.0, 2425.0, 2458.0, 2457.0, 1367.0, 2490.0, 2433.0, 2462.0, 2480.0, 2603.0, 2601.0, 143.0, 2417.0, 2387.0, 2608.0, 2394.0, 2435.0, 2425.0, 2389.0, 2480.0, 2442.0, 2479.0, 2451.0, 2467.0, 2427.0, 2428.0, 2466.0, 2470.0, 871.0, 1320.0, 2488.0, 2442.0, 2425.0, 2416.0, 2418.0, 2478.0, 2441.0, 2434.0, 2419.0, 2429.0, 633.0, 156.0, 2449.0, 2427.0, 2402.0, 2441.0, 1295.0, 2446.0, 2453.0, 2459.0, 2446.0, 2439.0, 2462.0, 2435.0, 1322.0, 2404.0, 693.0, 2480.0, 2426.0, 370.0, 1058.0, 2489.0, 2402.0, 2431.0, 833.0, 379.0, 2429.0, 2446.0, 2413.0, 2488.0, -25.0, 2441.0, 2469.0, 677.0, 2474.0, 2468.0, 2475.0, 2424.0, 1236.0, 2450.0, 870.0, 2483.0, -25.0, 2475.0, 735.0, 2449.0, 427.0, 2382.0, 2473.0, 2459.0, 2637.0, 2431.0, 105.0, 2470.0, 2444.0, 2443.0, 2458.0, 2411.0, 388.0, 2394.0, 147.0, 2420.0, 2455.0, 2430.0, 2450.0, 2433.0, 1333.0, 2479.0, 812.0, 2416.0, 2409.0, 2424.0, 1417.0, 2450.0, 1261.0, 2486.0, 2434.0, 2420.0, 2433.0, 2450.0, 2471.0, 2394.0, 2455.0, -16.0, 2443.0, 546.0, 2452.0, 2385.0, 2444.0, 2475.0, 2436.0, 2480.0, 139.0, 2629.0, 2636.0, 2451.0, 2455.0, 2464.0, 2624.0, 2479.0, 2410.0, 2460.0, 1024.0, 2440.0, 2427.0, 1079.0, 2435.0, 2448.0, 2421.0, 2450.0, 2454.0, 709.0, 1.0, 2461.0, 2389.0, 2456.0, 2436.0, 38.0, 2434.0, 1230.0, 2647.0, 2640.0, 2408.0, 2685.0, 2472.0, 2442.0, 1385.0, 2462.0, 2470.0, 2424.0, 2434.0, 2486.0, 2424.0, 2442.0, 2450.0, 2417.0, 424.0, 2478.0, 2439.0, 470.0, 2451.0, 2679.0, 2427.0, 2421.0, 2430.0, 2438.0, 2480.0, 2436.0, 2402.0, 1045.0, 2488.0, 2471.0, 2447.0, 2445.0, 2450.0, -11.0, 2464.0, 2430.0, 2485.0, 2410.0, 2463.0, 2433.0, 2466.0, 2467.0, 2411.0, 2435.0, 411.0, 2454.0, 2484.0, 299.0, 2486.0, 1133.0, 1506.0, 2429.0, 2424.0, 2434.0, 2483.0, 2489.0, 2667.0, 139.0, 2470.0, 2428.0, 2438.0, 2455.0, 2399.0, 2440.0, 1204.0, 2422.0, 2452.0, 2456.0, 2429.0, 2420.0, 2411.0, -8.0, 2423.0, 1078.0, 2467.0, 2481.0, 2411.0, 2464.0, 1.0, 2445.0, 2408.0, 2408.0, 2480.0, 2459.0, -99.0, 2647.0, 919.0, 2457.0, 2403.0, 2477.0, 2432.0, 2435.0, 2395.0, 70.0, 2389.0, 2489.0, 2452.0, 2687.0, 2634.0, 102.0, 2485.0, 2424.0, 2462.0, 2438.0, 2426.0, 2338.0, 2447.0, 2435.0, 2453.0, 2431.0, 2472.0, 2437.0, 2489.0, 2360.0, 2412.0, 2456.0, 2439.0, 2459.0, 438.0, 2433.0, 2619.0, 2474.0, 2430.0, 2483.0, 2380.0, 362.0, 2472.0, 428.0, 2489.0, 2414.0, -25.0, 2426.0, 2460.0, 2450.0, 2440.0, 2468.0, 2453.0, 255.0, 452.0, 1062.0, 2447.0, 8.0, 2447.0, 432.0, 2452.0, 2444.0, 2486.0, 203.0, 2451.0, 2441.0, 521.0, 2405.0, 687.0, 2440.0, 857.0, 2641.0, 2482.0, 1.0, 2653.0, 2467.0, 2423.0, 1328.0, 2445.0, 2472.0, 2415.0, 2452.0, 2443.0, 755.0, 2475.0, 2468.0, 2438.0, 2468.0, 696.0, 2413.0, 2441.0, 2441.0, 2451.0, 1191.0, 2456.0, 2450.0, 2450.0, 2421.0, 2455.0, 2482.0, 2427.0, 2484.0, 2467.0, 2448.0, 2404.0, 2381.0, 2443.0, 2486.0, -25.0, 1377.0, 783.0, 2484.0, 2466.0, 2468.0, 2489.0, 2642.0, 2481.0, 2450.0, 2485.0, 1315.0, 2415.0, 2488.0, 17.0, 77.0, 2478.0, 304.0, 2429.0, 2474.0, 2422.0, 2428.0, 2452.0, 2476.0, 2411.0, 2448.0, 2439.0, 2388.0, 2432.0, 2429.0, 1453.0, 2454.0, 850.0, 1278.0, 2424.0, 2452.0, 2440.0, 2478.0, 2429.0, 1069.0, 2405.0, 2451.0, 2443.0, 2416.0, 2439.0, 513.0, 2475.0, 2442.0, 2460.0, 2481.0, 2446.0, 181.0, 2437.0, 2419.0, 2456.0, 2487.0, -48.0, 2477.0, 2453.0, 2436.0, 2429.0, 2423.0, 2442.0, 516.0, 2435.0, 377.0, 2455.0, 2465.0, 2449.0, 2402.0, 2440.0, 2402.0, 2474.0, 2462.0, 2418.0, 2454.0, 2478.0, 2427.0, 2464.0, 2418.0, 2397.0, 2474.0, -16.0, 2469.0, 2474.0, 49.0, 635.0, 2418.0, 1071.0, 2384.0, 2438.0, 2422.0, 2480.0, 2380.0, 2419.0, 2398.0, 616.0, 2649.0, 2424.0, 2442.0, 2420.0, 1389.0, 2478.0, 2656.0, 180.0, 2476.0, 531.0, 2609.0, -9.0, 1285.0, 2430.0, 2461.0, 2468.0, 2489.0, 2465.0, 2459.0, 1123.0, 2455.0, 2464.0, 998.0, 892.0, 2468.0, 2489.0, 2476.0, 2452.0, 1090.0, 2457.0, 2426.0, 630.0, 2467.0, 2430.0, 2463.0, 2426.0, 618.0, 2434.0, -11.0, 2459.0, 2449.0, 2465.0, 1334.0, 2451.0, 2423.0, 785.0, 2445.0, 2471.0, 777.0, 1372.0, 2457.0, 1360.0, -3.0, 2467.0, 2435.0, 2436.0, 375.0, 2418.0, 2428.0, 2481.0, 2477.0, 2408.0, 890.0, 2433.0, 2405.0, 2482.0, 2430.0, 2448.0, 2456.0, 2473.0, 1081.0, 1161.0, 2443.0, 2438.0, 2441.0, 2434.0, 2400.0, 2474.0, 587.0, 2390.0, 2450.0, 2632.0, 933.0, 2427.0, 2431.0, 2441.0, 63.0, 2682.0, 2403.0, 1239.0, 2434.0, 2477.0, 2448.0, 2680.0, 426.0, 2487.0, 2448.0, 2472.0, 2423.0, 1342.0, -17.0, 2466.0, 2435.0, 2410.0, 2420.0, 298.0, 2477.0, 2448.0, 717.0, 2456.0, 2477.0, 2430.0, 2442.0, 2406.0, 2477.0, 2465.0, 2472.0, 2439.0, 2460.0, 2437.0, 2449.0, 437.0, 2476.0, 2425.0, 2477.0, 1386.0, 56.0, 2437.0, 2452.0, 2479.0, 2482.0, -3.0, 2615.0, 2665.0, 2445.0, 2444.0, 1583.0, 2474.0, 2475.0, 2430.0, -21.0, 1150.0, 2436.0, 2414.0, 2442.0, 828.0, 2462.0, 1054.0, 2435.0, 1297.0, 2392.0, 2427.0, 697.0, 655.0, 2430.0, 2481.0, 2431.0, 2444.0, 2454.0, 2440.0, 2438.0, 2487.0, 432.0, 2428.0, 2399.0, -42.0, 1299.0, 820.0, 2481.0, 2420.0, 2471.0, 2445.0, 2458.0, 2482.0, 2442.0, 2473.0, 8.0, 1102.0, 2629.0, 802.0, 2403.0, 2417.0, 2459.0, 2410.0, 576.0, 2439.0, 2462.0, 2619.0, 2415.0, 2427.0, 504.0, 2403.0, 2438.0, 2456.0, 2481.0, 745.0, 2441.0, 2450.0, 2460.0, 2461.0, 2449.0, 2431.0, 2444.0, 349.0, 2396.0, 2441.0, 2438.0, 2489.0, 2421.0, 1360.0, 2443.0, 2460.0, 2438.0, 2440.0, 2484.0, 2461.0, 2435.0, 2426.0, 2478.0, 2457.0, 2366.0, 2463.0, 2416.0, 2431.0, 2396.0, 2431.0, 2444.0, 2445.0, 2673.0, 643.0, -8.0, 2443.0, 1397.0, 2487.0, 2401.0, 421.0, 2485.0, 2411.0, 2454.0, 2420.0, 383.0, 2634.0, 1127.0, 2450.0, 2441.0, 2421.0, 2489.0, 2424.0, 1230.0, 2476.0, -16.0, 2397.0, -25.0, 2455.0, 2488.0, 128.0, 1407.0, 659.0, 2409.0, 2398.0, 2463.0, 2463.0, 2491.0, 2427.0, 2454.0, 852.0, 2443.0, 1271.0, 2485.0, 2415.0, 2451.0, 2410.0, 2454.0, 2449.0, 2433.0, 2440.0, 2427.0, 2440.0, 2491.0, 2485.0, 2443.0, 536.0, 2452.0, 2443.0, 459.0, 2451.0, 2462.0, 2620.0, 2399.0, 2441.0, 2457.0, 875.0, 2452.0, 2456.0, 2443.0, 2482.0, 2482.0, 2465.0, 2411.0, 2371.0, 563.0, 2460.0, 2471.0, 2469.0, -8.0, 1.0, 2479.0, 2469.0, 2440.0, 2636.0, 2446.0, 2433.0, 2434.0, 1330.0, 387.0, 2480.0, 429.0, 2382.0, 2364.0, 2430.0, 2355.0, 2643.0, 2416.0, 2461.0, 2489.0, 2451.0, 2447.0, 1.0, 2593.0, 2429.0, 2633.0, 2467.0, 506.0, 2428.0, 2406.0, 2624.0, 2447.0, 2447.0, 2641.0, 2476.0, 2427.0, -25.0, 2403.0, 2398.0, 2486.0, 2459.0, 2482.0, 2866.0, 2403.0, 2449.0, 2444.0, 2452.0, 2436.0, 2376.0, -4.0, 2483.0, 2429.0, 2445.0, 2436.0, 1357.0, 851.0, 2438.0, 2486.0, 2420.0, 2414.0, 2426.0, 2481.0, 2409.0, 2441.0, 383.0, -26.0, 2418.0, 2439.0, 2425.0, 1301.0, 2435.0, 2400.0, 2416.0, 2478.0, 913.0, 552.0, 2398.0, 2459.0, 2495.0, 2477.0, 2407.0, 2426.0, 2445.0, 2442.0, 2465.0, 2449.0, 2452.0, 2427.0, 2444.0, 2468.0, 174.0, 115.0, 2416.0, 2462.0, 2444.0, 2450.0, 2427.0, 1409.0, 1439.0, 1332.0, 2467.0, 2437.0, 1361.0, 2458.0, 302.0, -3.0, 2413.0, 2474.0, 2621.0, 2431.0, 2419.0, 2420.0, 2415.0, 2428.0, 2474.0, 1174.0, 2457.0, 2421.0, 2446.0, 2449.0, 2479.0, 2419.0, 2356.0, 2447.0, 2424.0, 2424.0, 2451.0, 1277.0, 1422.0, 2432.0, 2442.0, 413.0, 2457.0, 2457.0, 2417.0, 2419.0, 2465.0, 909.0, 2441.0, 2435.0, 2456.0, 408.0, 2435.0, 2477.0, 2423.0, 2459.0, 2489.0, 4.0, 2439.0, 2448.0, 2470.0, 2439.0, 2386.0, 2461.0, 1356.0, 363.0, 2430.0, 1376.0, 2460.0, 2378.0, 2427.0, 2435.0, 2664.0, 2420.0, 2459.0, 2459.0, 525.0, 2430.0, 2426.0, 2488.0, 2429.0, 2452.0, 2451.0, 2424.0, 2480.0, 2397.0, 1143.0, 2462.0, 2456.0, 2473.0, 90.0, 2463.0, 87.0, 2429.0, 2435.0, 437.0, 2481.0, 2431.0, 2486.0, 1406.0, 582.0, 2481.0, -17.0, 2463.0, 2427.0, 1076.0, 2446.0, 2412.0, 1120.0, 2423.0
Win Rate:      784/1000 (0.78)
Record:        Loss, Win, Win, Win, Win, Win, Win, Loss, Win, Win, Win, Win, Win, Win, Win, Loss, Loss, Win, Win, Win, Win, Loss, Win, Win, Win, Win, Win, Win, Win, Win, Win, Win, Win, Loss, Win, Win, Win, Win, Win, Win, Win, Win, Win, Win, Win, Win, Win, Win, Loss, Win, Win, Win, Win, Win, Win, Loss, Win, Win, Win, Win, Win, Win, Win, Win, Win, Win, Win, Win, Win, Win, Win, Win, Loss, Loss, Win, Win, Win, Win, Win, Win, Win, Win, Win, Win, Loss, Loss, Win, Win, Win, Win, Loss, Win, Win, Win, Win, Win, Win, Win, Loss, Win, Loss, Win, Win, Loss, Loss, Win, Win, Win, Loss, Loss, Win, Win, Win, Win, Loss, Win, Win, Loss, Win, Win, Win, Win, Loss, Win, Loss, Win, Loss, Win, Loss, Win, Loss, Win, Win, Win, Win, Win, Loss, Win, Win, Win, Win, Win, Loss, Win, Loss, Win, Win, Win, Win, Win, Loss, Win, Loss, Win, Win, Win, Loss, Win, Loss, Win, Win, Win, Win, Win, Win, Win, Win, Loss, Win, Loss, Win, Win, Win, Win, Win, Win, Loss, Win, Win, Win, Win, Win, Win, Win, Win, Win, Loss, Win, Win, Loss, Win, Win, Win, Win, Win, Loss, Loss, Win, Win, Win, Win, Loss, Win, Loss, Win, Win, Win, Win, Win, Win, Loss, Win, Win, Win, Win, Win, Win, Win, Win, Win, Loss, Win, Win, Loss, Win, Win, Win, Win, Win, Win, Win, Win, Win, Loss, Win, Win, Win, Win, Win, Loss, Win, Win, Win, Win, Win, Win, Win, Win, Win, Win, Loss, Win, Win, Loss, Win, Loss, Loss, Win, Win, Win, Win, Win, Win, Loss, Win, Win, Win, Win, Win, Win, Loss, Win, Win, Win, Win, Win, Win, Loss, Win, Loss, Win, Win, Win, Win, Loss, Win, Win, Win, Win, Win, Loss, Win, Loss, Win, Win, Win, Win, Win, Win, Loss, Win, Win, Win, Win, Win, Loss, Win, Win, Win, Win, Win, Win, Win, Win, Win, Win, Win, Win, Win, Win, Win, Win, Win, Win, Loss, Win, Win, Win, Win, Win, Win, Loss, Win, Loss, Win, Win, Loss, Win, Win, Win, Win, Win, Win, Loss, Loss, Loss, Win, Loss, Win, Loss, Win, Win, Win, Loss, Win, Win, Loss, Win, Loss, Win, Loss, Win, Win, Loss, Win, Win, Win, Loss, Win, Win, Win, Win, Win, Loss, Win, Win, Win, Win, Loss, Win, Win, Win, Win, Loss, Win, Win, Win, Win, Win, Win, Win, Win, Win, Win, Win, Win, Win, Win, Loss, Loss, Loss, Win, Win, Win, Win, Win, Win, Win, Win, Loss, Win, Win, Loss, Loss, Win, Loss, Win, Win, Win, Win, Win, Win, Win, Win, Win, Win, Win, Win, Loss, Win, Loss, Loss, Win, Win, Win, Win, Win, Loss, Win, Win, Win, Win, Win, Loss, Win, Win, Win, Win, Win, Loss, Win, Win, Win, Win, Loss, Win, Win, Win, Win, Win, Win, Loss, Win, Loss, Win, Win, Win, Win, Win, Win, Win, Win, Win, Win, Win, Win, Win, Win, Win, Win, Loss, Win, Win, Loss, Loss, Win, Loss, Win, Win, Win, Win, Win, Win, Win, Loss, Win, Win, Win, Win, Loss, Win, Win, Loss, Win, Loss, Win, Loss, Loss, Win, Win, Win, Win, Win, Win, Loss, Win, Win, Loss, Loss, Win, Win, Win, Win, Loss, Win, Win, Loss, Win, Win, Win, Win, Loss, Win, Loss, Win, Win, Win, Loss, Win, Win, Loss, Win, Win, Loss, Loss, Win, Loss, Loss, Win, Win, Win, Loss, Win, Win, Win, Win, Win, Loss, Win, Win, Win, Win, Win, Win, Win, Loss, Loss, Win, Win, Win, Win, Win, Win, Loss, Win, Win, Win, Loss, Win, Win, Win, Loss, Win, Win, Loss, Win, Win, Win, Win, Loss, Win, Win, Win, Win, Loss, Loss, Win, Win, Win, Win, Loss, Win, Win, Loss, Win, Win, Win, Win, Win, Win, Win, Win, Win, Win, Win, Win, Loss, Win, Win, Win, Loss, Loss, Win, Win, Win, Win, Loss, Win, Win, Win, Win, Loss, Win, Win, Win, Loss, Loss, Win, Win, Win, Loss, Win, Loss, Win, Loss, Win, Win, Loss, Loss, Win, Win, Win, Win, Win, Win, Win, Win, Loss, Win, Win, Loss, Loss, Loss, Win, Win, Win, Win, Win, Win, Win, Win, Loss, Loss, Win, Loss, Win, Win, Win, Win, Loss, Win, Win, Win, Win, Win, Loss, Win, Win, Win, Win, Loss, Win, Win, Win, Win, Win, Win, Win, Loss, Win, Win, Win, Win, Win, Loss, Win, Win, Win, Win, Win, Win, Win, Win, Win, Win, Win, Win, Win, Win, Win, Win, Win, Win, Win, Loss, Loss, Win, Loss, Win, Win, Loss, Win, Win, Win, Win, Loss, Win, Loss, Win, Win, Win, Win, Win, Loss, Win, Loss, Win, Loss, Win, Win, Loss, Loss, Loss, Win, Win, Win, Win, Win, Win, Win, Loss, Win, Loss, Win, Win, Win, Win, Win, Win, Win, Win, Win, Win, Win, Win, Win, Loss, Win, Win, Loss, Win, Win, Win, Win, Win, Win, Loss, Win, Win, Win, Win, Win, Win, Win, Win, Loss, Win, Win, Win, Loss, Loss, Win, Win, Win, Win, Win, Win, Win, Loss, Loss, Win, Loss, Win, Win, Win, Win, Win, Win, Win, Win, Win, Win, Loss, Win, Win, Win, Win, Loss, Win, Win, Win, Win, Win, Win, Win, Win, Loss, Win, Win, Win, Win, Win, Win, Win, Win, Win, Win, Win, Win, Loss, Win, Win, Win, Win, Loss, Loss, Win, Win, Win, Win, Win, Win, Win, Win, Loss, Loss, Win, Win, Win, Loss, Win, Win, Win, Win, Loss, Loss, Win, Win, Win, Win, Win, Win, Win, Win, Win, Win, Win, Win, Win, Win, Loss, Loss, Win, Win, Win, Win, Win, Loss, Loss, Loss, Win, Win, Loss, Win, Loss, Loss, Win, Win, Win, Win, Win, Win, Win, Win, Win, Loss, Win, Win, Win, Win, Win, Win, Win, Win, Win, Win, Win, Loss, Loss, Win, Win, Loss, Win, Win, Win, Win, Win, Loss, Win, Win, Win, Loss, Win, Win, Win, Win, Win, Loss, Win, Win, Win, Win, Win, Win, Loss, Loss, Win, Loss, Win, Win, Win, Win, Win, Win, Win, Win, Loss, Win, Win, Win, Win, Win, Win, Win, Win, Win, Loss, Win, Win, Win, Loss, Win, Loss, Win, Win, Loss, Win, Win, Win, Loss, Loss, Win, Loss, Win, Win, Loss, Win, Win, Loss, Win
